# JRE version: Java(TM) SE Runtime Environment (24.0.1+9) (build 24.0.1+9-30)
# Java VM: Java HotSpot(TM) 64-Bit Server VM (24.0.1+9-30, mixed mode, emulated-client, sharing, tiered, compressed oops, compressed class ptrs, g1 gc, windows-amd64)
GC Precious Log:
 CardTable entry size: 512
 Card Set container configuration: InlinePtr #cards 4 size 8 Array Of Cards #cards 16 size 48 Howl #buckets 8 coarsen threshold 3686 Howl Bitmap #cards 512 size 80 coarsen threshold 460 Card regions per heap region 1 cards per card region 4096
 CPUs: 8 total, 8 available
 Memory: 14157M
 Large Page Support: Disabled
 NUMA Support: Disabled
 Compressed Oops: Enabled (Zero based)
 Heap Region Size: 2M
 Heap Min Capacity: 8M
 Heap Initial Capacity: 222M
 Heap Max Capacity: 3540M
 Pre-touch: Disabled
 Parallel Workers: 8
 Concurrent Workers: 2
 Concurrent Refinement Workers: 8
 Periodic GC: Disabled
Heap:
 garbage-first heap   total reserved 3624960K, committed 69632K, used 26467K [0x0000000722c00000, 0x0000000800000000)
  region size 2048K, 7 young (14336K), 2 survivors (4096K)
 Metaspace       used 30474K, committed 31040K, reserved 1114112K
  class space    used 3552K, committed 3776K, reserved 1048576K
GC Heap History (8 events):
Event: 1.306 GC heap before
{Heap before GC invocations=0 (full 0):
 garbage-first heap   total reserved 3624960K, committed 229376K, used 48244K [0x0000000722c00000, 0x0000000800000000)
  region size 2048K, 24 young (49152K), 0 survivors (0K)
 Metaspace       used 10813K, committed 11072K, reserved 1114112K
  class space    used 1222K, committed 1344K, reserved 1048576K
}
Event: 1.314 GC heap after
{Heap after GC invocations=1 (full 0):
 garbage-first heap   total reserved 3624960K, committed 229376K, used 7960K [0x0000000722c00000, 0x0000000800000000)
  region size 2048K, 3 young (6144K), 3 survivors (6144K)
 Metaspace       used 10813K, committed 11072K, reserved 1114112K
  class space    used 1222K, committed 1344K, reserved 1048576K
}
Event: 2.319 GC heap before
{Heap before GC invocations=1 (full 0):
 garbage-first heap   total reserved 3624960K, committed 229376K, used 63256K [0x0000000722c00000, 0x0000000800000000)
  region size 2048K, 32 young (65536K), 3 survivors (6144K)
 Metaspace       used 21191K, committed 21504K, reserved 1114112K
  class space    used 2343K, committed 2432K, reserved 1048576K
}
Event: 2.330 GC heap after
{Heap after GC invocations=2 (full 0):
 garbage-first heap   total reserved 3624960K, committed 229376K, used 12389K [0x0000000722c00000, 0x0000000800000000)
  region size 2048K, 6 young (12288K), 6 survivors (12288K)
 Metaspace       used 21191K, committed 21504K, reserved 1114112K
  class space    used 2343K, committed 2432K, reserved 1048576K
}
Event: 3.127 GC heap before
{Heap before GC invocations=3 (full 0):
 garbage-first heap   total reserved 3624960K, committed 55296K, used 51301K [0x0000000722c00000, 0x0000000800000000)
  region size 2048K, 25 young (51200K), 6 survivors (12288K)
 Metaspace       used 26669K, committed 27136K, reserved 1114112K
  class space    used 3022K, committed 3200K, reserved 1048576K
}
Event: 3.138 GC heap after
{Heap after GC invocations=4 (full 0):
 garbage-first heap   total reserved 3624960K, committed 69632K, used 16127K [0x0000000722c00000, 0x0000000800000000)
  region size 2048K, 4 young (8192K), 4 survivors (8192K)
 Metaspace       used 26669K, committed 27136K, reserved 1114112K
  class space    used 3022K, committed 3200K, reserved 1048576K
}
Event: 16.062 GC heap before
{Heap before GC invocations=4 (full 0):
 garbage-first heap   total reserved 3624960K, committed 69632K, used 46847K [0x0000000722c00000, 0x0000000800000000)
  region size 2048K, 19 young (38912K), 4 survivors (8192K)
 Metaspace       used 30011K, committed 30528K, reserved 1114112K
  class space    used 3482K, committed 3712K, reserved 1048576K
}
Event: 16.074 GC heap after
{Heap after GC invocations=5 (full 0):
 garbage-first heap   total reserved 3624960K, committed 69632K, used 18275K [0x0000000722c00000, 0x0000000800000000)
  region size 2048K, 2 young (4096K), 2 survivors (4096K)
 Metaspace       used 30011K, committed 30528K, reserved 1114112K
  class space    used 3482K, committed 3712K, reserved 1048576K
}

