# JRE version: Java(TM) SE Runtime Environment (24.0.1+9) (build 24.0.1+9-30)
# Java VM: Java HotSpot(TM) 64-Bit Server VM (24.0.1+9-30, mixed mode, emulated-client, sharing, tiered, compressed oops, compressed class ptrs, g1 gc, windows-amd64)
GC Precious Log:
 CardTable entry size: 512
 Card Set container configuration: InlinePtr #cards 4 size 8 Array Of Cards #cards 16 size 48 Howl #buckets 8 coarsen threshold 3686 Howl Bitmap #cards 512 size 80 coarsen threshold 460 Card regions per heap region 1 cards per card region 4096
 CPUs: 8 total, 8 available
 Memory: 14157M
 Large Page Support: Disabled
 NUMA Support: Disabled
 Compressed Oops: Enabled (Zero based)
 Heap Region Size: 2M
 Heap Min Capacity: 8M
 Heap Initial Capacity: 222M
 Heap Max Capacity: 3540M
 Pre-touch: Disabled
 Parallel Workers: 8
 Concurrent Workers: 2
 Concurrent Refinement Workers: 8
 Periodic GC: Disabled
Heap:
 garbage-first heap   total reserved 3624960K, committed 69632K, used 24203K [0x0000000722c00000, 0x0000000800000000)
  region size 2048K, 6 young (12288K), 2 survivors (4096K)
 Metaspace       used 30485K, committed 31040K, reserved 1114112K
  class space    used 3557K, committed 3776K, reserved 1048576K
GC Heap History (8 events):
Event: 2.053 GC heap before
{Heap before GC invocations=0 (full 0):
 garbage-first heap   total reserved 3624960K, committed 229376K, used 48244K [0x0000000722c00000, 0x0000000800000000)
  region size 2048K, 24 young (49152K), 0 survivors (0K)
 Metaspace       used 10893K, committed 11200K, reserved 1114112K
  class space    used 1235K, committed 1344K, reserved 1048576K
}
Event: 2.063 GC heap after
{Heap after GC invocations=1 (full 0):
 garbage-first heap   total reserved 3624960K, committed 229376K, used 7919K [0x0000000722c00000, 0x0000000800000000)
  region size 2048K, 3 young (6144K), 3 survivors (6144K)
 Metaspace       used 10893K, committed 11200K, reserved 1114112K
  class space    used 1235K, committed 1344K, reserved 1048576K
}
Event: 3.428 GC heap before
{Heap before GC invocations=1 (full 0):
 garbage-first heap   total reserved 3624960K, committed 229376K, used 65263K [0x0000000722c00000, 0x0000000800000000)
  region size 2048K, 32 young (65536K), 3 survivors (6144K)
 Metaspace       used 21210K, committed 21504K, reserved 1114112K
  class space    used 2347K, committed 2432K, reserved 1048576K
}
Event: 3.438 GC heap after
{Heap after GC invocations=2 (full 0):
 garbage-first heap   total reserved 3624960K, committed 229376K, used 12530K [0x0000000722c00000, 0x0000000800000000)
  region size 2048K, 6 young (12288K), 6 survivors (12288K)
 Metaspace       used 21210K, committed 21504K, reserved 1114112K
  class space    used 2347K, committed 2432K, reserved 1048576K
}
Event: 4.250 GC heap before
{Heap before GC invocations=3 (full 0):
 garbage-first heap   total reserved 3624960K, committed 55296K, used 51442K [0x0000000722c00000, 0x0000000800000000)
  region size 2048K, 25 young (51200K), 6 survivors (12288K)
 Metaspace       used 26709K, committed 27136K, reserved 1114112K
  class space    used 3030K, committed 3200K, reserved 1048576K
}
Event: 4.260 GC heap after
{Heap after GC invocations=4 (full 0):
 garbage-first heap   total reserved 3624960K, committed 69632K, used 15922K [0x0000000722c00000, 0x0000000800000000)
  region size 2048K, 4 young (8192K), 4 survivors (8192K)
 Metaspace       used 26709K, committed 27136K, reserved 1114112K
  class space    used 3030K, committed 3200K, reserved 1048576K
}
Event: 8.168 GC heap before
{Heap before GC invocations=4 (full 0):
 garbage-first heap   total reserved 3624960K, committed 69632K, used 46642K [0x0000000722c00000, 0x0000000800000000)
  region size 2048K, 19 young (38912K), 4 survivors (8192K)
 Metaspace       used 30041K, committed 30592K, reserved 1114112K
  class space    used 3490K, committed 3712K, reserved 1048576K
}
Event: 8.182 GC heap after
{Heap after GC invocations=5 (full 0):
 garbage-first heap   total reserved 3624960K, committed 69632K, used 18059K [0x0000000722c00000, 0x0000000800000000)
  region size 2048K, 2 young (4096K), 2 survivors (4096K)
 Metaspace       used 30041K, committed 30592K, reserved 1114112K
  class space    used 3490K, committed 3712K, reserved 1048576K
}

